<?xml version="1.0" encoding="UTF-8"?>
<testsuite xmlns:xsi="http://www.w3.org/2001/XMLSchema-instance" xsi:noNamespaceSchemaLocation="https://maven.apache.org/surefire/maven-surefire-plugin/xsd/surefire-test-report.xsd" name="com.devoteam.backstagemock.BackstageMockApplicationTests" time="6.443" tests="1" errors="0" skipped="0" failures="0">
  <properties>
    <property name="gopherProxySet" value="false"/>
    <property name="awt.toolkit" value="sun.lwawt.macosx.LWCToolkit"/>
    <property name="java.specification.version" value="11"/>
    <property name="sun.cpu.isalist" value=""/>
    <property name="sun.jnu.encoding" value="UTF-8"/>
    <property name="java.class.path" value="/Users/hamed/Repo/backstage-mock/target/test-classes:/Users/hamed/Repo/backstage-mock/target/classes:/Users/hamed/.m2/repositoryarchive/org/springframework/boot/spring-boot-starter-web/2.7.0/spring-boot-starter-web-2.7.0.jar:/Users/hamed/.m2/repositoryarchive/org/springframework/boot/spring-boot-starter/2.7.0/spring-boot-starter-2.7.0.jar:/Users/hamed/.m2/repositoryarchive/org/springframework/boot/spring-boot-starter-logging/2.7.0/spring-boot-starter-logging-2.7.0.jar:/Users/hamed/.m2/repositoryarchive/ch/qos/logback/logback-classic/1.2.11/logback-classic-1.2.11.jar:/Users/hamed/.m2/repositoryarchive/ch/qos/logback/logback-core/1.2.11/logback-core-1.2.11.jar:/Users/hamed/.m2/repositoryarchive/org/apache/logging/log4j/log4j-to-slf4j/2.17.2/log4j-to-slf4j-2.17.2.jar:/Users/hamed/.m2/repositoryarchive/org/apache/logging/log4j/log4j-api/2.17.2/log4j-api-2.17.2.jar:/Users/hamed/.m2/repositoryarchive/org/slf4j/jul-to-slf4j/1.7.36/jul-to-slf4j-1.7.36.jar:/Users/hamed/.m2/repositoryarchive/jakarta/annotation/jakarta.annotation-api/1.3.5/jakarta.annotation-api-1.3.5.jar:/Users/hamed/.m2/repositoryarchive/org/yaml/snakeyaml/1.30/snakeyaml-1.30.jar:/Users/hamed/.m2/repositoryarchive/org/springframework/boot/spring-boot-starter-json/2.7.0/spring-boot-starter-json-2.7.0.jar:/Users/hamed/.m2/repositoryarchive/com/fasterxml/jackson/core/jackson-databind/2.13.3/jackson-databind-2.13.3.jar:/Users/hamed/.m2/repositoryarchive/com/fasterxml/jackson/core/jackson-annotations/2.13.3/jackson-annotations-2.13.3.jar:/Users/hamed/.m2/repositoryarchive/com/fasterxml/jackson/core/jackson-core/2.13.3/jackson-core-2.13.3.jar:/Users/hamed/.m2/repositoryarchive/com/fasterxml/jackson/datatype/jackson-datatype-jdk8/2.13.3/jackson-datatype-jdk8-2.13.3.jar:/Users/hamed/.m2/repositoryarchive/com/fasterxml/jackson/datatype/jackson-datatype-jsr310/2.13.3/jackson-datatype-jsr310-2.13.3.jar:/Users/hamed/.m2/repositoryarchive/com/fasterxml/jackson/module/jackson-module-parameter-names/2.13.3/jackson-module-parameter-names-2.13.3.jar:/Users/hamed/.m2/repositoryarchive/org/springframework/boot/spring-boot-starter-tomcat/2.7.0/spring-boot-starter-tomcat-2.7.0.jar:/Users/hamed/.m2/repositoryarchive/org/apache/tomcat/embed/tomcat-embed-core/9.0.63/tomcat-embed-core-9.0.63.jar:/Users/hamed/.m2/repositoryarchive/org/apache/tomcat/embed/tomcat-embed-el/9.0.63/tomcat-embed-el-9.0.63.jar:/Users/hamed/.m2/repositoryarchive/org/apache/tomcat/embed/tomcat-embed-websocket/9.0.63/tomcat-embed-websocket-9.0.63.jar:/Users/hamed/.m2/repositoryarchive/org/springframework/spring-web/5.3.20/spring-web-5.3.20.jar:/Users/hamed/.m2/repositoryarchive/org/springframework/spring-beans/5.3.20/spring-beans-5.3.20.jar:/Users/hamed/.m2/repositoryarchive/org/springframework/spring-webmvc/5.3.20/spring-webmvc-5.3.20.jar:/Users/hamed/.m2/repositoryarchive/org/springframework/spring-aop/5.3.20/spring-aop-5.3.20.jar:/Users/hamed/.m2/repositoryarchive/org/springframework/spring-context/5.3.20/spring-context-5.3.20.jar:/Users/hamed/.m2/repositoryarchive/org/springframework/spring-expression/5.3.20/spring-expression-5.3.20.jar:/Users/hamed/.m2/repositoryarchive/commons-io/commons-io/2.11.0/commons-io-2.11.0.jar:/Users/hamed/.m2/repositoryarchive/org/json/json/20220320/json-20220320.jar:/Users/hamed/.m2/repositoryarchive/org/springframework/boot/spring-boot-devtools/2.7.0/spring-boot-devtools-2.7.0.jar:/Users/hamed/.m2/repositoryarchive/org/springframework/boot/spring-boot/2.7.0/spring-boot-2.7.0.jar:/Users/hamed/.m2/repositoryarchive/org/springframework/boot/spring-boot-autoconfigure/2.7.0/spring-boot-autoconfigure-2.7.0.jar:/Users/hamed/.m2/repositoryarchive/org/projectlombok/lombok/1.18.24/lombok-1.18.24.jar:/Users/hamed/.m2/repositoryarchive/org/springframework/boot/spring-boot-starter-test/2.7.0/spring-boot-starter-test-2.7.0.jar:/Users/hamed/.m2/repositoryarchive/org/springframework/boot/spring-boot-test/2.7.0/spring-boot-test-2.7.0.jar:/Users/hamed/.m2/repositoryarchive/org/springframework/boot/spring-boot-test-autoconfigure/2.7.0/spring-boot-test-autoconfigure-2.7.0.jar:/Users/hamed/.m2/repositoryarchive/com/jayway/jsonpath/json-path/2.7.0/json-path-2.7.0.jar:/Users/hamed/.m2/repositoryarchive/net/minidev/json-smart/2.4.8/json-smart-2.4.8.jar:/Users/hamed/.m2/repositoryarchive/net/minidev/accessors-smart/2.4.8/accessors-smart-2.4.8.jar:/Users/hamed/.m2/repositoryarchive/org/ow2/asm/asm/9.1/asm-9.1.jar:/Users/hamed/.m2/repositoryarchive/org/slf4j/slf4j-api/1.7.36/slf4j-api-1.7.36.jar:/Users/hamed/.m2/repositoryarchive/jakarta/xml/bind/jakarta.xml.bind-api/2.3.3/jakarta.xml.bind-api-2.3.3.jar:/Users/hamed/.m2/repositoryarchive/jakarta/activation/jakarta.activation-api/1.2.2/jakarta.activation-api-1.2.2.jar:/Users/hamed/.m2/repositoryarchive/org/assertj/assertj-core/3.22.0/assertj-core-3.22.0.jar:/Users/hamed/.m2/repositoryarchive/org/hamcrest/hamcrest/2.2/hamcrest-2.2.jar:/Users/hamed/.m2/repositoryarchive/org/junit/jupiter/junit-jupiter/5.8.2/junit-jupiter-5.8.2.jar:/Users/hamed/.m2/repositoryarchive/org/junit/jupiter/junit-jupiter-api/5.8.2/junit-jupiter-api-5.8.2.jar:/Users/hamed/.m2/repositoryarchive/org/opentest4j/opentest4j/1.2.0/opentest4j-1.2.0.jar:/Users/hamed/.m2/repositoryarchive/org/junit/platform/junit-platform-commons/1.8.2/junit-platform-commons-1.8.2.jar:/Users/hamed/.m2/repositoryarchive/org/apiguardian/apiguardian-api/1.1.2/apiguardian-api-1.1.2.jar:/Users/hamed/.m2/repositoryarchive/org/junit/jupiter/junit-jupiter-params/5.8.2/junit-jupiter-params-5.8.2.jar:/Users/hamed/.m2/repositoryarchive/org/junit/jupiter/junit-jupiter-engine/5.8.2/junit-jupiter-engine-5.8.2.jar:/Users/hamed/.m2/repositoryarchive/org/junit/platform/junit-platform-engine/1.8.2/junit-platform-engine-1.8.2.jar:/Users/hamed/.m2/repositoryarchive/org/mockito/mockito-core/4.5.1/mockito-core-4.5.1.jar:/Users/hamed/.m2/repositoryarchive/net/bytebuddy/byte-buddy/1.12.10/byte-buddy-1.12.10.jar:/Users/hamed/.m2/repositoryarchive/net/bytebuddy/byte-buddy-agent/1.12.10/byte-buddy-agent-1.12.10.jar:/Users/hamed/.m2/repositoryarchive/org/objenesis/objenesis/3.2/objenesis-3.2.jar:/Users/hamed/.m2/repositoryarchive/org/mockito/mockito-junit-jupiter/4.5.1/mockito-junit-jupiter-4.5.1.jar:/Users/hamed/.m2/repositoryarchive/org/skyscreamer/jsonassert/1.5.0/jsonassert-1.5.0.jar:/Users/hamed/.m2/repositoryarchive/com/vaadin/external/google/android-json/0.0.20131108.vaadin1/android-json-0.0.20131108.vaadin1.jar:/Users/hamed/.m2/repositoryarchive/org/springframework/spring-core/5.3.20/spring-core-5.3.20.jar:/Users/hamed/.m2/repositoryarchive/org/springframework/spring-jcl/5.3.20/spring-jcl-5.3.20.jar:/Users/hamed/.m2/repositoryarchive/org/springframework/spring-test/5.3.20/spring-test-5.3.20.jar:/Users/hamed/.m2/repositoryarchive/org/xmlunit/xmlunit-core/2.9.0/xmlunit-core-2.9.0.jar:"/>
    <property name="java.vm.vendor" value="Azul Systems, Inc."/>
    <property name="sun.arch.data.model" value="64"/>
    <property name="java.vendor.url" value="http://www.azul.com/"/>
    <property name="user.timezone" value=""/>
    <property name="java.vm.specification.version" value="11"/>
    <property name="os.name" value="Mac OS X"/>
    <property name="sun.java.launcher" value="SUN_STANDARD"/>
    <property name="user.country" value="NL"/>
    <property name="sun.boot.library.path" value="/Library/Java/JavaVirtualMachines/zulu-11.jdk/Contents/Home/lib"/>
    <property name="sun.java.command" value="/Users/hamed/Repo/backstage-mock/target/surefire/surefirebooter9184596477794732542.jar /Users/hamed/Repo/backstage-mock/target/surefire 2023-03-31T11-34-47_658-jvmRun1 surefire16808565845452056574tmp surefire_013672384782535239695tmp"/>
    <property name="jdk.debug" value="release"/>
    <property name="surefire.test.class.path" value="/Users/hamed/Repo/backstage-mock/target/test-classes:/Users/hamed/Repo/backstage-mock/target/classes:/Users/hamed/.m2/repositoryarchive/org/springframework/boot/spring-boot-starter-web/2.7.0/spring-boot-starter-web-2.7.0.jar:/Users/hamed/.m2/repositoryarchive/org/springframework/boot/spring-boot-starter/2.7.0/spring-boot-starter-2.7.0.jar:/Users/hamed/.m2/repositoryarchive/org/springframework/boot/spring-boot-starter-logging/2.7.0/spring-boot-starter-logging-2.7.0.jar:/Users/hamed/.m2/repositoryarchive/ch/qos/logback/logback-classic/1.2.11/logback-classic-1.2.11.jar:/Users/hamed/.m2/repositoryarchive/ch/qos/logback/logback-core/1.2.11/logback-core-1.2.11.jar:/Users/hamed/.m2/repositoryarchive/org/apache/logging/log4j/log4j-to-slf4j/2.17.2/log4j-to-slf4j-2.17.2.jar:/Users/hamed/.m2/repositoryarchive/org/apache/logging/log4j/log4j-api/2.17.2/log4j-api-2.17.2.jar:/Users/hamed/.m2/repositoryarchive/org/slf4j/jul-to-slf4j/1.7.36/jul-to-slf4j-1.7.36.jar:/Users/hamed/.m2/repositoryarchive/jakarta/annotation/jakarta.annotation-api/1.3.5/jakarta.annotation-api-1.3.5.jar:/Users/hamed/.m2/repositoryarchive/org/yaml/snakeyaml/1.30/snakeyaml-1.30.jar:/Users/hamed/.m2/repositoryarchive/org/springframework/boot/spring-boot-starter-json/2.7.0/spring-boot-starter-json-2.7.0.jar:/Users/hamed/.m2/repositoryarchive/com/fasterxml/jackson/core/jackson-databind/2.13.3/jackson-databind-2.13.3.jar:/Users/hamed/.m2/repositoryarchive/com/fasterxml/jackson/core/jackson-annotations/2.13.3/jackson-annotations-2.13.3.jar:/Users/hamed/.m2/repositoryarchive/com/fasterxml/jackson/core/jackson-core/2.13.3/jackson-core-2.13.3.jar:/Users/hamed/.m2/repositoryarchive/com/fasterxml/jackson/datatype/jackson-datatype-jdk8/2.13.3/jackson-datatype-jdk8-2.13.3.jar:/Users/hamed/.m2/repositoryarchive/com/fasterxml/jackson/datatype/jackson-datatype-jsr310/2.13.3/jackson-datatype-jsr310-2.13.3.jar:/Users/hamed/.m2/repositoryarchive/com/fasterxml/jackson/module/jackson-module-parameter-names/2.13.3/jackson-module-parameter-names-2.13.3.jar:/Users/hamed/.m2/repositoryarchive/org/springframework/boot/spring-boot-starter-tomcat/2.7.0/spring-boot-starter-tomcat-2.7.0.jar:/Users/hamed/.m2/repositoryarchive/org/apache/tomcat/embed/tomcat-embed-core/9.0.63/tomcat-embed-core-9.0.63.jar:/Users/hamed/.m2/repositoryarchive/org/apache/tomcat/embed/tomcat-embed-el/9.0.63/tomcat-embed-el-9.0.63.jar:/Users/hamed/.m2/repositoryarchive/org/apache/tomcat/embed/tomcat-embed-websocket/9.0.63/tomcat-embed-websocket-9.0.63.jar:/Users/hamed/.m2/repositoryarchive/org/springframework/spring-web/5.3.20/spring-web-5.3.20.jar:/Users/hamed/.m2/repositoryarchive/org/springframework/spring-beans/5.3.20/spring-beans-5.3.20.jar:/Users/hamed/.m2/repositoryarchive/org/springframework/spring-webmvc/5.3.20/spring-webmvc-5.3.20.jar:/Users/hamed/.m2/repositoryarchive/org/springframework/spring-aop/5.3.20/spring-aop-5.3.20.jar:/Users/hamed/.m2/repositoryarchive/org/springframework/spring-context/5.3.20/spring-context-5.3.20.jar:/Users/hamed/.m2/repositoryarchive/org/springframework/spring-expression/5.3.20/spring-expression-5.3.20.jar:/Users/hamed/.m2/repositoryarchive/commons-io/commons-io/2.11.0/commons-io-2.11.0.jar:/Users/hamed/.m2/repositoryarchive/org/json/json/20220320/json-20220320.jar:/Users/hamed/.m2/repositoryarchive/org/springframework/boot/spring-boot-devtools/2.7.0/spring-boot-devtools-2.7.0.jar:/Users/hamed/.m2/repositoryarchive/org/springframework/boot/spring-boot/2.7.0/spring-boot-2.7.0.jar:/Users/hamed/.m2/repositoryarchive/org/springframework/boot/spring-boot-autoconfigure/2.7.0/spring-boot-autoconfigure-2.7.0.jar:/Users/hamed/.m2/repositoryarchive/org/projectlombok/lombok/1.18.24/lombok-1.18.24.jar:/Users/hamed/.m2/repositoryarchive/org/springframework/boot/spring-boot-starter-test/2.7.0/spring-boot-starter-test-2.7.0.jar:/Users/hamed/.m2/repositoryarchive/org/springframework/boot/spring-boot-test/2.7.0/spring-boot-test-2.7.0.jar:/Users/hamed/.m2/repositoryarchive/org/springframework/boot/spring-boot-test-autoconfigure/2.7.0/spring-boot-test-autoconfigure-2.7.0.jar:/Users/hamed/.m2/repositoryarchive/com/jayway/jsonpath/json-path/2.7.0/json-path-2.7.0.jar:/Users/hamed/.m2/repositoryarchive/net/minidev/json-smart/2.4.8/json-smart-2.4.8.jar:/Users/hamed/.m2/repositoryarchive/net/minidev/accessors-smart/2.4.8/accessors-smart-2.4.8.jar:/Users/hamed/.m2/repositoryarchive/org/ow2/asm/asm/9.1/asm-9.1.jar:/Users/hamed/.m2/repositoryarchive/org/slf4j/slf4j-api/1.7.36/slf4j-api-1.7.36.jar:/Users/hamed/.m2/repositoryarchive/jakarta/xml/bind/jakarta.xml.bind-api/2.3.3/jakarta.xml.bind-api-2.3.3.jar:/Users/hamed/.m2/repositoryarchive/jakarta/activation/jakarta.activation-api/1.2.2/jakarta.activation-api-1.2.2.jar:/Users/hamed/.m2/repositoryarchive/org/assertj/assertj-core/3.22.0/assertj-core-3.22.0.jar:/Users/hamed/.m2/repositoryarchive/org/hamcrest/hamcrest/2.2/hamcrest-2.2.jar:/Users/hamed/.m2/repositoryarchive/org/junit/jupiter/junit-jupiter/5.8.2/junit-jupiter-5.8.2.jar:/Users/hamed/.m2/repositoryarchive/org/junit/jupiter/junit-jupiter-api/5.8.2/junit-jupiter-api-5.8.2.jar:/Users/hamed/.m2/repositoryarchive/org/opentest4j/opentest4j/1.2.0/opentest4j-1.2.0.jar:/Users/hamed/.m2/repositoryarchive/org/junit/platform/junit-platform-commons/1.8.2/junit-platform-commons-1.8.2.jar:/Users/hamed/.m2/repositoryarchive/org/apiguardian/apiguardian-api/1.1.2/apiguardian-api-1.1.2.jar:/Users/hamed/.m2/repositoryarchive/org/junit/jupiter/junit-jupiter-params/5.8.2/junit-jupiter-params-5.8.2.jar:/Users/hamed/.m2/repositoryarchive/org/junit/jupiter/junit-jupiter-engine/5.8.2/junit-jupiter-engine-5.8.2.jar:/Users/hamed/.m2/repositoryarchive/org/junit/platform/junit-platform-engine/1.8.2/junit-platform-engine-1.8.2.jar:/Users/hamed/.m2/repositoryarchive/org/mockito/mockito-core/4.5.1/mockito-core-4.5.1.jar:/Users/hamed/.m2/repositoryarchive/net/bytebuddy/byte-buddy/1.12.10/byte-buddy-1.12.10.jar:/Users/hamed/.m2/repositoryarchive/net/bytebuddy/byte-buddy-agent/1.12.10/byte-buddy-agent-1.12.10.jar:/Users/hamed/.m2/repositoryarchive/org/objenesis/objenesis/3.2/objenesis-3.2.jar:/Users/hamed/.m2/repositoryarchive/org/mockito/mockito-junit-jupiter/4.5.1/mockito-junit-jupiter-4.5.1.jar:/Users/hamed/.m2/repositoryarchive/org/skyscreamer/jsonassert/1.5.0/jsonassert-1.5.0.jar:/Users/hamed/.m2/repositoryarchive/com/vaadin/external/google/android-json/0.0.20131108.vaadin1/android-json-0.0.20131108.vaadin1.jar:/Users/hamed/.m2/repositoryarchive/org/springframework/spring-core/5.3.20/spring-core-5.3.20.jar:/Users/hamed/.m2/repositoryarchive/org/springframework/spring-jcl/5.3.20/spring-jcl-5.3.20.jar:/Users/hamed/.m2/repositoryarchive/org/springframework/spring-test/5.3.20/spring-test-5.3.20.jar:/Users/hamed/.m2/repositoryarchive/org/xmlunit/xmlunit-core/2.9.0/xmlunit-core-2.9.0.jar:"/>
    <property name="sun.cpu.endian" value="little"/>
    <property name="user.home" value="/Users/hamed"/>
    <property name="user.language" value="en"/>
    <property name="java.specification.vendor" value="Oracle Corporation"/>
    <property name="java.version.date" value="2022-07-19"/>
    <property name="java.home" value="/Library/Java/JavaVirtualMachines/zulu-11.jdk/Contents/Home"/>
    <property name="file.separator" value="/"/>
    <property name="basedir" value="/Users/hamed/Repo/backstage-mock"/>
    <property name="java.vm.compressedOopsMode" value="Zero based"/>
    <property name="line.separator" value="&#10;"/>
    <property name="java.specification.name" value="Java Platform API Specification"/>
    <property name="java.vm.specification.vendor" value="Oracle Corporation"/>
    <property name="jdk.vendor.version" value="Zulu11.58+23-CA"/>
    <property name="java.awt.graphicsenv" value="sun.awt.CGraphicsEnvironment"/>
    <property name="surefire.real.class.path" value="/Users/hamed/Repo/backstage-mock/target/surefire/surefirebooter9184596477794732542.jar"/>
    <property name="sun.management.compiler" value="HotSpot 64-Bit Tiered Compilers"/>
    <property name="java.runtime.version" value="11.0.16.1+1-LTS"/>
    <property name="user.name" value="hamed"/>
    <property name="path.separator" value=":"/>
    <property name="os.version" value="13.2"/>
    <property name="java.runtime.name" value="OpenJDK Runtime Environment"/>
    <property name="file.encoding" value="US-ASCII"/>
    <property name="java.vm.name" value="OpenJDK 64-Bit Server VM"/>
    <property name="java.vendor.version" value="Zulu11.58+23-CA"/>
    <property name="localRepository" value="/Users/hamed/.m2/repositoryarchive"/>
    <property name="java.vendor.url.bug" value="http://www.azul.com/support/"/>
    <property name="java.io.tmpdir" value="/var/folders/zw/602rmxd906v_sr2gvvjl1s340000gn/T/"/>
    <property name="java.version" value="11.0.16.1"/>
    <property name="user.dir" value="/Users/hamed/Repo/backstage-mock"/>
    <property name="os.arch" value="aarch64"/>
    <property name="java.vm.specification.name" value="Java Virtual Machine Specification"/>
    <property name="java.awt.printerjob" value="sun.lwawt.macosx.CPrinterJob"/>
    <property name="sun.os.patch.level" value="unknown"/>
    <property name="java.library.path" value="/Users/hamed/Library/Java/Extensions:/Library/Java/Extensions:/Network/Library/Java/Extensions:/System/Library/Java/Extensions:/usr/lib/java:."/>
    <property name="java.vm.info" value="mixed mode"/>
    <property name="java.vendor" value="Azul Systems, Inc."/>
    <property name="java.vm.version" value="11.0.16.1+1-LTS"/>
    <property name="sun.io.unicode.encoding" value="UnicodeBig"/>
    <property name="java.class.version" value="55.0"/>
  </properties>
  <testcase name="contextLoads" classname="com.devoteam.backstagemock.BackstageMockApplicationTests" time="0.212"/>
</testsuite>